error: Error during user registration: Cannot read properties of undefined (reading 'getBy') {"stack":"TypeError: Cannot read properties of undefined (reading 'getBy')\n    at UserRepository.getUserBy (C:\\Users\\Nixon\\Desktop\\Curso BACKEND\\src\\repositories\\user.repository.js:7:49)\n    at register (C:\\Users\\Nixon\\Desktop\\Curso BACKEND\\src\\controllers\\session.controllers.js:22:57)\n    at Layer.handle [as handle_request] (C:\\Users\\Nixon\\Desktop\\Curso BACKEND\\node_modules\\express\\lib\\router\\layer.js:95:5)\n    at next (C:\\Users\\Nixon\\Desktop\\Curso BACKEND\\node_modules\\express\\lib\\router\\route.js:144:13)\n    at Route.dispatch (C:\\Users\\Nixon\\Desktop\\Curso BACKEND\\node_modules\\express\\lib\\router\\route.js:114:3)\n    at Layer.handle [as handle_request] (C:\\Users\\Nixon\\Desktop\\Curso BACKEND\\node_modules\\express\\lib\\router\\layer.js:95:5)\n    at C:\\Users\\Nixon\\Desktop\\Curso BACKEND\\node_modules\\express\\lib\\router\\index.js:284:15\n    at Function.process_params (C:\\Users\\Nixon\\Desktop\\Curso BACKEND\\node_modules\\express\\lib\\router\\index.js:346:12)\n    at next (C:\\Users\\Nixon\\Desktop\\Curso BACKEND\\node_modules\\express\\lib\\router\\index.js:280:10)\n    at Function.handle (C:\\Users\\Nixon\\Desktop\\Curso BACKEND\\node_modules\\express\\lib\\router\\index.js:175:3)"}
error: Error during user registration: Cannot read properties of undefined (reading 'getBy') {"stack":"TypeError: Cannot read properties of undefined (reading 'getBy')\n    at UserRepository.getUserBy (C:\\Users\\Nixon\\Desktop\\Curso BACKEND\\src\\repositories\\user.repository.js:7:49)\n    at register (C:\\Users\\Nixon\\Desktop\\Curso BACKEND\\src\\controllers\\session.controllers.js:22:57)\n    at Layer.handle [as handle_request] (C:\\Users\\Nixon\\Desktop\\Curso BACKEND\\node_modules\\express\\lib\\router\\layer.js:95:5)\n    at next (C:\\Users\\Nixon\\Desktop\\Curso BACKEND\\node_modules\\express\\lib\\router\\route.js:144:13)\n    at Route.dispatch (C:\\Users\\Nixon\\Desktop\\Curso BACKEND\\node_modules\\express\\lib\\router\\route.js:114:3)\n    at Layer.handle [as handle_request] (C:\\Users\\Nixon\\Desktop\\Curso BACKEND\\node_modules\\express\\lib\\router\\layer.js:95:5)\n    at C:\\Users\\Nixon\\Desktop\\Curso BACKEND\\node_modules\\express\\lib\\router\\index.js:284:15\n    at Function.process_params (C:\\Users\\Nixon\\Desktop\\Curso BACKEND\\node_modules\\express\\lib\\router\\index.js:346:12)\n    at next (C:\\Users\\Nixon\\Desktop\\Curso BACKEND\\node_modules\\express\\lib\\router\\index.js:280:10)\n    at Function.handle (C:\\Users\\Nixon\\Desktop\\Curso BACKEND\\node_modules\\express\\lib\\router\\index.js:175:3)"}
error: Error during user login: Cannot read properties of undefined (reading 'getBy') {"stack":"TypeError: Cannot read properties of undefined (reading 'getBy')\n    at UserRepository.getUserBy (C:\\Users\\Nixon\\Desktop\\Curso BACKEND\\src\\repositories\\user.repository.js:7:49)\n    at login (C:\\Users\\Nixon\\Desktop\\Curso BACKEND\\src\\controllers\\session.controllers.js:89:49)\n    at Layer.handle [as handle_request] (C:\\Users\\Nixon\\Desktop\\Curso BACKEND\\node_modules\\express\\lib\\router\\layer.js:95:5)\n    at next (C:\\Users\\Nixon\\Desktop\\Curso BACKEND\\node_modules\\express\\lib\\router\\route.js:144:13)\n    at Route.dispatch (C:\\Users\\Nixon\\Desktop\\Curso BACKEND\\node_modules\\express\\lib\\router\\route.js:114:3)\n    at Layer.handle [as handle_request] (C:\\Users\\Nixon\\Desktop\\Curso BACKEND\\node_modules\\express\\lib\\router\\layer.js:95:5)\n    at C:\\Users\\Nixon\\Desktop\\Curso BACKEND\\node_modules\\express\\lib\\router\\index.js:284:15\n    at Function.process_params (C:\\Users\\Nixon\\Desktop\\Curso BACKEND\\node_modules\\express\\lib\\router\\index.js:346:12)\n    at next (C:\\Users\\Nixon\\Desktop\\Curso BACKEND\\node_modules\\express\\lib\\router\\index.js:280:10)\n    at Function.handle (C:\\Users\\Nixon\\Desktop\\Curso BACKEND\\node_modules\\express\\lib\\router\\index.js:175:3)"}
error: Error during user registration: Cannot read properties of undefined (reading 'getBy') {"stack":"TypeError: Cannot read properties of undefined (reading 'getBy')\n    at UserRepository.getUserBy (C:\\Users\\Nixon\\Desktop\\Curso BACKEND\\src\\repositories\\user.repository.js:7:49)\n    at register (C:\\Users\\Nixon\\Desktop\\Curso BACKEND\\src\\controllers\\session.controllers.js:22:57)\n    at Layer.handle [as handle_request] (C:\\Users\\Nixon\\Desktop\\Curso BACKEND\\node_modules\\express\\lib\\router\\layer.js:95:5)\n    at next (C:\\Users\\Nixon\\Desktop\\Curso BACKEND\\node_modules\\express\\lib\\router\\route.js:144:13)\n    at Route.dispatch (C:\\Users\\Nixon\\Desktop\\Curso BACKEND\\node_modules\\express\\lib\\router\\route.js:114:3)\n    at Layer.handle [as handle_request] (C:\\Users\\Nixon\\Desktop\\Curso BACKEND\\node_modules\\express\\lib\\router\\layer.js:95:5)\n    at C:\\Users\\Nixon\\Desktop\\Curso BACKEND\\node_modules\\express\\lib\\router\\index.js:284:15\n    at Function.process_params (C:\\Users\\Nixon\\Desktop\\Curso BACKEND\\node_modules\\express\\lib\\router\\index.js:346:12)\n    at next (C:\\Users\\Nixon\\Desktop\\Curso BACKEND\\node_modules\\express\\lib\\router\\index.js:280:10)\n    at Function.handle (C:\\Users\\Nixon\\Desktop\\Curso BACKEND\\node_modules\\express\\lib\\router\\index.js:175:3)"}
error: Error during user registration: Cannot read properties of undefined (reading 'getBy') {"stack":"TypeError: Cannot read properties of undefined (reading 'getBy')\n    at UserRepository.getUserBy (C:\\Users\\Nixon\\Desktop\\Curso BACKEND\\src\\repositories\\user.repository.js:7:49)\n    at register (C:\\Users\\Nixon\\Desktop\\Curso BACKEND\\src\\controllers\\session.controllers.js:22:57)\n    at Layer.handle [as handle_request] (C:\\Users\\Nixon\\Desktop\\Curso BACKEND\\node_modules\\express\\lib\\router\\layer.js:95:5)\n    at next (C:\\Users\\Nixon\\Desktop\\Curso BACKEND\\node_modules\\express\\lib\\router\\route.js:144:13)\n    at Route.dispatch (C:\\Users\\Nixon\\Desktop\\Curso BACKEND\\node_modules\\express\\lib\\router\\route.js:114:3)\n    at Layer.handle [as handle_request] (C:\\Users\\Nixon\\Desktop\\Curso BACKEND\\node_modules\\express\\lib\\router\\layer.js:95:5)\n    at C:\\Users\\Nixon\\Desktop\\Curso BACKEND\\node_modules\\express\\lib\\router\\index.js:284:15\n    at Function.process_params (C:\\Users\\Nixon\\Desktop\\Curso BACKEND\\node_modules\\express\\lib\\router\\index.js:346:12)\n    at next (C:\\Users\\Nixon\\Desktop\\Curso BACKEND\\node_modules\\express\\lib\\router\\index.js:280:10)\n    at Function.handle (C:\\Users\\Nixon\\Desktop\\Curso BACKEND\\node_modules\\express\\lib\\router\\index.js:175:3)"}
error: Error during user registration: Cannot read properties of undefined (reading 'getBy') {"stack":"TypeError: Cannot read properties of undefined (reading 'getBy')\n    at UserRepository.getUserBy (C:\\Users\\Nixon\\Desktop\\Curso BACKEND\\src\\repositories\\user.repository.js:7:49)\n    at register (C:\\Users\\Nixon\\Desktop\\Curso BACKEND\\src\\controllers\\session.controllers.js:22:57)\n    at Layer.handle [as handle_request] (C:\\Users\\Nixon\\Desktop\\Curso BACKEND\\node_modules\\express\\lib\\router\\layer.js:95:5)\n    at next (C:\\Users\\Nixon\\Desktop\\Curso BACKEND\\node_modules\\express\\lib\\router\\route.js:144:13)\n    at Route.dispatch (C:\\Users\\Nixon\\Desktop\\Curso BACKEND\\node_modules\\express\\lib\\router\\route.js:114:3)\n    at Layer.handle [as handle_request] (C:\\Users\\Nixon\\Desktop\\Curso BACKEND\\node_modules\\express\\lib\\router\\layer.js:95:5)\n    at C:\\Users\\Nixon\\Desktop\\Curso BACKEND\\node_modules\\express\\lib\\router\\index.js:284:15\n    at Function.process_params (C:\\Users\\Nixon\\Desktop\\Curso BACKEND\\node_modules\\express\\lib\\router\\index.js:346:12)\n    at next (C:\\Users\\Nixon\\Desktop\\Curso BACKEND\\node_modules\\express\\lib\\router\\index.js:280:10)\n    at Function.handle (C:\\Users\\Nixon\\Desktop\\Curso BACKEND\\node_modules\\express\\lib\\router\\index.js:175:3)"}
error: Error during user registration: Cannot read properties of undefined (reading 'getBy') {"stack":"TypeError: Cannot read properties of undefined (reading 'getBy')\n    at UserRepository.getUserBy (C:\\Users\\Nixon\\Desktop\\Curso BACKEND\\src\\repositories\\user.repository.js:7:49)\n    at register (C:\\Users\\Nixon\\Desktop\\Curso BACKEND\\src\\controllers\\session.controllers.js:22:57)\n    at Layer.handle [as handle_request] (C:\\Users\\Nixon\\Desktop\\Curso BACKEND\\node_modules\\express\\lib\\router\\layer.js:95:5)\n    at next (C:\\Users\\Nixon\\Desktop\\Curso BACKEND\\node_modules\\express\\lib\\router\\route.js:144:13)\n    at Route.dispatch (C:\\Users\\Nixon\\Desktop\\Curso BACKEND\\node_modules\\express\\lib\\router\\route.js:114:3)\n    at Layer.handle [as handle_request] (C:\\Users\\Nixon\\Desktop\\Curso BACKEND\\node_modules\\express\\lib\\router\\layer.js:95:5)\n    at C:\\Users\\Nixon\\Desktop\\Curso BACKEND\\node_modules\\express\\lib\\router\\index.js:284:15\n    at Function.process_params (C:\\Users\\Nixon\\Desktop\\Curso BACKEND\\node_modules\\express\\lib\\router\\index.js:346:12)\n    at next (C:\\Users\\Nixon\\Desktop\\Curso BACKEND\\node_modules\\express\\lib\\router\\index.js:280:10)\n    at Function.handle (C:\\Users\\Nixon\\Desktop\\Curso BACKEND\\node_modules\\express\\lib\\router\\index.js:175:3)"}
error: Error during user registration: Cannot read properties of undefined (reading 'getBy') {"stack":"TypeError: Cannot read properties of undefined (reading 'getBy')\n    at UserRepository.getUserBy (C:\\Users\\Nixon\\Desktop\\Curso BACKEND\\src\\repositories\\user.repository.js:7:49)\n    at register (C:\\Users\\Nixon\\Desktop\\Curso BACKEND\\src\\controllers\\session.controllers.js:22:57)\n    at Layer.handle [as handle_request] (C:\\Users\\Nixon\\Desktop\\Curso BACKEND\\node_modules\\express\\lib\\router\\layer.js:95:5)\n    at next (C:\\Users\\Nixon\\Desktop\\Curso BACKEND\\node_modules\\express\\lib\\router\\route.js:144:13)\n    at Route.dispatch (C:\\Users\\Nixon\\Desktop\\Curso BACKEND\\node_modules\\express\\lib\\router\\route.js:114:3)\n    at Layer.handle [as handle_request] (C:\\Users\\Nixon\\Desktop\\Curso BACKEND\\node_modules\\express\\lib\\router\\layer.js:95:5)\n    at C:\\Users\\Nixon\\Desktop\\Curso BACKEND\\node_modules\\express\\lib\\router\\index.js:284:15\n    at Function.process_params (C:\\Users\\Nixon\\Desktop\\Curso BACKEND\\node_modules\\express\\lib\\router\\index.js:346:12)\n    at next (C:\\Users\\Nixon\\Desktop\\Curso BACKEND\\node_modules\\express\\lib\\router\\index.js:280:10)\n    at Function.handle (C:\\Users\\Nixon\\Desktop\\Curso BACKEND\\node_modules\\express\\lib\\router\\index.js:175:3)"}
error: Error during user registration: Cannot read properties of undefined (reading 'getBy') {"stack":"TypeError: Cannot read properties of undefined (reading 'getBy')\n    at UserRepository.getUserBy (C:\\Users\\Nixon\\Desktop\\Curso BACKEND\\src\\repositories\\user.repository.js:7:49)\n    at register (C:\\Users\\Nixon\\Desktop\\Curso BACKEND\\src\\controllers\\session.controllers.js:22:57)\n    at Layer.handle [as handle_request] (C:\\Users\\Nixon\\Desktop\\Curso BACKEND\\node_modules\\express\\lib\\router\\layer.js:95:5)\n    at next (C:\\Users\\Nixon\\Desktop\\Curso BACKEND\\node_modules\\express\\lib\\router\\route.js:144:13)\n    at Route.dispatch (C:\\Users\\Nixon\\Desktop\\Curso BACKEND\\node_modules\\express\\lib\\router\\route.js:114:3)\n    at Layer.handle [as handle_request] (C:\\Users\\Nixon\\Desktop\\Curso BACKEND\\node_modules\\express\\lib\\router\\layer.js:95:5)\n    at C:\\Users\\Nixon\\Desktop\\Curso BACKEND\\node_modules\\express\\lib\\router\\index.js:284:15\n    at Function.process_params (C:\\Users\\Nixon\\Desktop\\Curso BACKEND\\node_modules\\express\\lib\\router\\index.js:346:12)\n    at next (C:\\Users\\Nixon\\Desktop\\Curso BACKEND\\node_modules\\express\\lib\\router\\index.js:280:10)\n    at Function.handle (C:\\Users\\Nixon\\Desktop\\Curso BACKEND\\node_modules\\express\\lib\\router\\index.js:175:3)"}
error: Error during user login: Cannot read properties of undefined (reading 'getBy') {"stack":"TypeError: Cannot read properties of undefined (reading 'getBy')\n    at UserRepository.getUserBy (C:\\Users\\Nixon\\Desktop\\Curso BACKEND\\src\\repositories\\user.repository.js:7:49)\n    at login (C:\\Users\\Nixon\\Desktop\\Curso BACKEND\\src\\controllers\\session.controllers.js:89:49)\n    at Layer.handle [as handle_request] (C:\\Users\\Nixon\\Desktop\\Curso BACKEND\\node_modules\\express\\lib\\router\\layer.js:95:5)\n    at next (C:\\Users\\Nixon\\Desktop\\Curso BACKEND\\node_modules\\express\\lib\\router\\route.js:144:13)\n    at Route.dispatch (C:\\Users\\Nixon\\Desktop\\Curso BACKEND\\node_modules\\express\\lib\\router\\route.js:114:3)\n    at Layer.handle [as handle_request] (C:\\Users\\Nixon\\Desktop\\Curso BACKEND\\node_modules\\express\\lib\\router\\layer.js:95:5)\n    at C:\\Users\\Nixon\\Desktop\\Curso BACKEND\\node_modules\\express\\lib\\router\\index.js:284:15\n    at Function.process_params (C:\\Users\\Nixon\\Desktop\\Curso BACKEND\\node_modules\\express\\lib\\router\\index.js:346:12)\n    at next (C:\\Users\\Nixon\\Desktop\\Curso BACKEND\\node_modules\\express\\lib\\router\\index.js:280:10)\n    at Function.handle (C:\\Users\\Nixon\\Desktop\\Curso BACKEND\\node_modules\\express\\lib\\router\\index.js:175:3)"}
error: Error during user login: Cannot read properties of undefined (reading 'getBy') {"stack":"TypeError: Cannot read properties of undefined (reading 'getBy')\n    at UserRepository.getUserBy (C:\\Users\\Nixon\\Desktop\\Curso BACKEND\\src\\repositories\\user.repository.js:7:49)\n    at login (C:\\Users\\Nixon\\Desktop\\Curso BACKEND\\src\\controllers\\session.controllers.js:89:49)\n    at Layer.handle [as handle_request] (C:\\Users\\Nixon\\Desktop\\Curso BACKEND\\node_modules\\express\\lib\\router\\layer.js:95:5)\n    at next (C:\\Users\\Nixon\\Desktop\\Curso BACKEND\\node_modules\\express\\lib\\router\\route.js:144:13)\n    at Route.dispatch (C:\\Users\\Nixon\\Desktop\\Curso BACKEND\\node_modules\\express\\lib\\router\\route.js:114:3)\n    at Layer.handle [as handle_request] (C:\\Users\\Nixon\\Desktop\\Curso BACKEND\\node_modules\\express\\lib\\router\\layer.js:95:5)\n    at C:\\Users\\Nixon\\Desktop\\Curso BACKEND\\node_modules\\express\\lib\\router\\index.js:284:15\n    at Function.process_params (C:\\Users\\Nixon\\Desktop\\Curso BACKEND\\node_modules\\express\\lib\\router\\index.js:346:12)\n    at next (C:\\Users\\Nixon\\Desktop\\Curso BACKEND\\node_modules\\express\\lib\\router\\index.js:280:10)\n    at Function.handle (C:\\Users\\Nixon\\Desktop\\Curso BACKEND\\node_modules\\express\\lib\\router\\index.js:175:3)"}
error: Error during user registration: Cannot read properties of undefined (reading 'getBy') {"stack":"TypeError: Cannot read properties of undefined (reading 'getBy')\n    at UserRepository.getUserBy (C:\\Users\\Nixon\\Desktop\\Curso BACKEND\\src\\repositories\\user.repository.js:7:49)\n    at register (C:\\Users\\Nixon\\Desktop\\Curso BACKEND\\src\\controllers\\session.controllers.js:22:57)\n    at Layer.handle [as handle_request] (C:\\Users\\Nixon\\Desktop\\Curso BACKEND\\node_modules\\express\\lib\\router\\layer.js:95:5)\n    at next (C:\\Users\\Nixon\\Desktop\\Curso BACKEND\\node_modules\\express\\lib\\router\\route.js:144:13)\n    at Route.dispatch (C:\\Users\\Nixon\\Desktop\\Curso BACKEND\\node_modules\\express\\lib\\router\\route.js:114:3)\n    at Layer.handle [as handle_request] (C:\\Users\\Nixon\\Desktop\\Curso BACKEND\\node_modules\\express\\lib\\router\\layer.js:95:5)\n    at C:\\Users\\Nixon\\Desktop\\Curso BACKEND\\node_modules\\express\\lib\\router\\index.js:284:15\n    at Function.process_params (C:\\Users\\Nixon\\Desktop\\Curso BACKEND\\node_modules\\express\\lib\\router\\index.js:346:12)\n    at next (C:\\Users\\Nixon\\Desktop\\Curso BACKEND\\node_modules\\express\\lib\\router\\index.js:280:10)\n    at Function.handle (C:\\Users\\Nixon\\Desktop\\Curso BACKEND\\node_modules\\express\\lib\\router\\index.js:175:3)"}
error: Error during user registration: Cannot read properties of undefined (reading 'getBy') {"stack":"TypeError: Cannot read properties of undefined (reading 'getBy')\n    at UserRepository.getUserBy (C:\\Users\\Nixon\\Desktop\\Curso BACKEND\\src\\repositories\\user.repository.js:7:49)\n    at register (C:\\Users\\Nixon\\Desktop\\Curso BACKEND\\src\\controllers\\session.controllers.js:22:57)\n    at Layer.handle [as handle_request] (C:\\Users\\Nixon\\Desktop\\Curso BACKEND\\node_modules\\express\\lib\\router\\layer.js:95:5)\n    at next (C:\\Users\\Nixon\\Desktop\\Curso BACKEND\\node_modules\\express\\lib\\router\\route.js:144:13)\n    at Route.dispatch (C:\\Users\\Nixon\\Desktop\\Curso BACKEND\\node_modules\\express\\lib\\router\\route.js:114:3)\n    at Layer.handle [as handle_request] (C:\\Users\\Nixon\\Desktop\\Curso BACKEND\\node_modules\\express\\lib\\router\\layer.js:95:5)\n    at C:\\Users\\Nixon\\Desktop\\Curso BACKEND\\node_modules\\express\\lib\\router\\index.js:284:15\n    at Function.process_params (C:\\Users\\Nixon\\Desktop\\Curso BACKEND\\node_modules\\express\\lib\\router\\index.js:346:12)\n    at next (C:\\Users\\Nixon\\Desktop\\Curso BACKEND\\node_modules\\express\\lib\\router\\index.js:280:10)\n    at Function.handle (C:\\Users\\Nixon\\Desktop\\Curso BACKEND\\node_modules\\express\\lib\\router\\index.js:175:3)"}
error: Error during user registration: Cannot read properties of undefined (reading 'getBy') {"stack":"TypeError: Cannot read properties of undefined (reading 'getBy')\n    at UserRepository.getUserBy (C:\\Users\\Nixon\\Desktop\\Curso BACKEND\\src\\repositories\\user.repository.js:7:49)\n    at register (C:\\Users\\Nixon\\Desktop\\Curso BACKEND\\src\\controllers\\session.controllers.js:22:57)\n    at Layer.handle [as handle_request] (C:\\Users\\Nixon\\Desktop\\Curso BACKEND\\node_modules\\express\\lib\\router\\layer.js:95:5)\n    at next (C:\\Users\\Nixon\\Desktop\\Curso BACKEND\\node_modules\\express\\lib\\router\\route.js:144:13)\n    at Route.dispatch (C:\\Users\\Nixon\\Desktop\\Curso BACKEND\\node_modules\\express\\lib\\router\\route.js:114:3)\n    at Layer.handle [as handle_request] (C:\\Users\\Nixon\\Desktop\\Curso BACKEND\\node_modules\\express\\lib\\router\\layer.js:95:5)\n    at C:\\Users\\Nixon\\Desktop\\Curso BACKEND\\node_modules\\express\\lib\\router\\index.js:284:15\n    at Function.process_params (C:\\Users\\Nixon\\Desktop\\Curso BACKEND\\node_modules\\express\\lib\\router\\index.js:346:12)\n    at next (C:\\Users\\Nixon\\Desktop\\Curso BACKEND\\node_modules\\express\\lib\\router\\index.js:280:10)\n    at Function.handle (C:\\Users\\Nixon\\Desktop\\Curso BACKEND\\node_modules\\express\\lib\\router\\index.js:175:3)"}
error: Error during user registration: Cannot read properties of undefined (reading 'getBy') {"stack":"TypeError: Cannot read properties of undefined (reading 'getBy')\n    at UserRepository.getUserBy (C:\\Users\\Nixon\\Desktop\\Curso BACKEND\\src\\repositories\\user.repository.js:7:49)\n    at register (C:\\Users\\Nixon\\Desktop\\Curso BACKEND\\src\\controllers\\session.controllers.js:22:57)\n    at Layer.handle [as handle_request] (C:\\Users\\Nixon\\Desktop\\Curso BACKEND\\node_modules\\express\\lib\\router\\layer.js:95:5)\n    at next (C:\\Users\\Nixon\\Desktop\\Curso BACKEND\\node_modules\\express\\lib\\router\\route.js:144:13)\n    at Route.dispatch (C:\\Users\\Nixon\\Desktop\\Curso BACKEND\\node_modules\\express\\lib\\router\\route.js:114:3)\n    at Layer.handle [as handle_request] (C:\\Users\\Nixon\\Desktop\\Curso BACKEND\\node_modules\\express\\lib\\router\\layer.js:95:5)\n    at C:\\Users\\Nixon\\Desktop\\Curso BACKEND\\node_modules\\express\\lib\\router\\index.js:284:15\n    at Function.process_params (C:\\Users\\Nixon\\Desktop\\Curso BACKEND\\node_modules\\express\\lib\\router\\index.js:346:12)\n    at next (C:\\Users\\Nixon\\Desktop\\Curso BACKEND\\node_modules\\express\\lib\\router\\index.js:280:10)\n    at Function.handle (C:\\Users\\Nixon\\Desktop\\Curso BACKEND\\node_modules\\express\\lib\\router\\index.js:175:3)"}
error: Error during user login: Cannot read properties of undefined (reading 'getBy') {"stack":"TypeError: Cannot read properties of undefined (reading 'getBy')\n    at UserRepository.getUserBy (C:\\Users\\Nixon\\Desktop\\Curso BACKEND\\src\\repositories\\user.repository.js:7:49)\n    at login (C:\\Users\\Nixon\\Desktop\\Curso BACKEND\\src\\controllers\\session.controllers.js:89:49)\n    at Layer.handle [as handle_request] (C:\\Users\\Nixon\\Desktop\\Curso BACKEND\\node_modules\\express\\lib\\router\\layer.js:95:5)\n    at next (C:\\Users\\Nixon\\Desktop\\Curso BACKEND\\node_modules\\express\\lib\\router\\route.js:144:13)\n    at Route.dispatch (C:\\Users\\Nixon\\Desktop\\Curso BACKEND\\node_modules\\express\\lib\\router\\route.js:114:3)\n    at Layer.handle [as handle_request] (C:\\Users\\Nixon\\Desktop\\Curso BACKEND\\node_modules\\express\\lib\\router\\layer.js:95:5)\n    at C:\\Users\\Nixon\\Desktop\\Curso BACKEND\\node_modules\\express\\lib\\router\\index.js:284:15\n    at Function.process_params (C:\\Users\\Nixon\\Desktop\\Curso BACKEND\\node_modules\\express\\lib\\router\\index.js:346:12)\n    at next (C:\\Users\\Nixon\\Desktop\\Curso BACKEND\\node_modules\\express\\lib\\router\\index.js:280:10)\n    at Function.handle (C:\\Users\\Nixon\\Desktop\\Curso BACKEND\\node_modules\\express\\lib\\router\\index.js:175:3)"}
error: Error during user registration: Cannot read properties of undefined (reading 'getBy') {"stack":"TypeError: Cannot read properties of undefined (reading 'getBy')\n    at UserRepository.getUserBy (C:\\Users\\Nixon\\Desktop\\Curso BACKEND\\src\\repositories\\user.repository.js:7:49)\n    at register (C:\\Users\\Nixon\\Desktop\\Curso BACKEND\\src\\controllers\\session.controllers.js:22:57)\n    at Layer.handle [as handle_request] (C:\\Users\\Nixon\\Desktop\\Curso BACKEND\\node_modules\\express\\lib\\router\\layer.js:95:5)\n    at next (C:\\Users\\Nixon\\Desktop\\Curso BACKEND\\node_modules\\express\\lib\\router\\route.js:144:13)\n    at Route.dispatch (C:\\Users\\Nixon\\Desktop\\Curso BACKEND\\node_modules\\express\\lib\\router\\route.js:114:3)\n    at Layer.handle [as handle_request] (C:\\Users\\Nixon\\Desktop\\Curso BACKEND\\node_modules\\express\\lib\\router\\layer.js:95:5)\n    at C:\\Users\\Nixon\\Desktop\\Curso BACKEND\\node_modules\\express\\lib\\router\\index.js:284:15\n    at Function.process_params (C:\\Users\\Nixon\\Desktop\\Curso BACKEND\\node_modules\\express\\lib\\router\\index.js:346:12)\n    at next (C:\\Users\\Nixon\\Desktop\\Curso BACKEND\\node_modules\\express\\lib\\router\\index.js:280:10)\n    at Function.handle (C:\\Users\\Nixon\\Desktop\\Curso BACKEND\\node_modules\\express\\lib\\router\\index.js:175:3)"}
error: Error during user registration: Cannot read properties of undefined (reading 'getBy') {"stack":"TypeError: Cannot read properties of undefined (reading 'getBy')\n    at UserRepository.getUserBy (C:\\Users\\Nixon\\Desktop\\Curso BACKEND\\src\\repositories\\user.repository.js:7:49)\n    at register (C:\\Users\\Nixon\\Desktop\\Curso BACKEND\\src\\controllers\\session.controllers.js:22:57)\n    at Layer.handle [as handle_request] (C:\\Users\\Nixon\\Desktop\\Curso BACKEND\\node_modules\\express\\lib\\router\\layer.js:95:5)\n    at next (C:\\Users\\Nixon\\Desktop\\Curso BACKEND\\node_modules\\express\\lib\\router\\route.js:144:13)\n    at Route.dispatch (C:\\Users\\Nixon\\Desktop\\Curso BACKEND\\node_modules\\express\\lib\\router\\route.js:114:3)\n    at Layer.handle [as handle_request] (C:\\Users\\Nixon\\Desktop\\Curso BACKEND\\node_modules\\express\\lib\\router\\layer.js:95:5)\n    at C:\\Users\\Nixon\\Desktop\\Curso BACKEND\\node_modules\\express\\lib\\router\\index.js:284:15\n    at Function.process_params (C:\\Users\\Nixon\\Desktop\\Curso BACKEND\\node_modules\\express\\lib\\router\\index.js:346:12)\n    at next (C:\\Users\\Nixon\\Desktop\\Curso BACKEND\\node_modules\\express\\lib\\router\\index.js:280:10)\n    at Function.handle (C:\\Users\\Nixon\\Desktop\\Curso BACKEND\\node_modules\\express\\lib\\router\\index.js:175:3)"}
error: Error during user login: Cannot read properties of undefined (reading 'getBy') {"stack":"TypeError: Cannot read properties of undefined (reading 'getBy')\n    at UserRepository.getUserBy (C:\\Users\\Nixon\\Desktop\\Curso BACKEND\\src\\repositories\\user.repository.js:7:49)\n    at login (C:\\Users\\Nixon\\Desktop\\Curso BACKEND\\src\\controllers\\session.controllers.js:89:49)\n    at Layer.handle [as handle_request] (C:\\Users\\Nixon\\Desktop\\Curso BACKEND\\node_modules\\express\\lib\\router\\layer.js:95:5)\n    at next (C:\\Users\\Nixon\\Desktop\\Curso BACKEND\\node_modules\\express\\lib\\router\\route.js:144:13)\n    at Route.dispatch (C:\\Users\\Nixon\\Desktop\\Curso BACKEND\\node_modules\\express\\lib\\router\\route.js:114:3)\n    at Layer.handle [as handle_request] (C:\\Users\\Nixon\\Desktop\\Curso BACKEND\\node_modules\\express\\lib\\router\\layer.js:95:5)\n    at C:\\Users\\Nixon\\Desktop\\Curso BACKEND\\node_modules\\express\\lib\\router\\index.js:284:15\n    at Function.process_params (C:\\Users\\Nixon\\Desktop\\Curso BACKEND\\node_modules\\express\\lib\\router\\index.js:346:12)\n    at next (C:\\Users\\Nixon\\Desktop\\Curso BACKEND\\node_modules\\express\\lib\\router\\index.js:280:10)\n    at Function.handle (C:\\Users\\Nixon\\Desktop\\Curso BACKEND\\node_modules\\express\\lib\\router\\index.js:175:3)"}
error: Error during user login: Cannot read properties of undefined (reading 'getBy') {"stack":"TypeError: Cannot read properties of undefined (reading 'getBy')\n    at UserRepository.getUserBy (C:\\Users\\Nixon\\Desktop\\Curso BACKEND\\src\\repositories\\user.repository.js:7:49)\n    at login (C:\\Users\\Nixon\\Desktop\\Curso BACKEND\\src\\controllers\\session.controllers.js:89:49)\n    at Layer.handle [as handle_request] (C:\\Users\\Nixon\\Desktop\\Curso BACKEND\\node_modules\\express\\lib\\router\\layer.js:95:5)\n    at next (C:\\Users\\Nixon\\Desktop\\Curso BACKEND\\node_modules\\express\\lib\\router\\route.js:144:13)\n    at Route.dispatch (C:\\Users\\Nixon\\Desktop\\Curso BACKEND\\node_modules\\express\\lib\\router\\route.js:114:3)\n    at Layer.handle [as handle_request] (C:\\Users\\Nixon\\Desktop\\Curso BACKEND\\node_modules\\express\\lib\\router\\layer.js:95:5)\n    at C:\\Users\\Nixon\\Desktop\\Curso BACKEND\\node_modules\\express\\lib\\router\\index.js:284:15\n    at Function.process_params (C:\\Users\\Nixon\\Desktop\\Curso BACKEND\\node_modules\\express\\lib\\router\\index.js:346:12)\n    at next (C:\\Users\\Nixon\\Desktop\\Curso BACKEND\\node_modules\\express\\lib\\router\\index.js:280:10)\n    at Function.handle (C:\\Users\\Nixon\\Desktop\\Curso BACKEND\\node_modules\\express\\lib\\router\\index.js:175:3)"}
error: Error during user login: Cannot read properties of undefined (reading 'getBy') {"stack":"TypeError: Cannot read properties of undefined (reading 'getBy')\n    at UserRepository.getUserBy (C:\\Users\\Nixon\\Desktop\\Curso BACKEND\\src\\repositories\\user.repository.js:7:49)\n    at login (C:\\Users\\Nixon\\Desktop\\Curso BACKEND\\src\\controllers\\session.controllers.js:89:49)\n    at Layer.handle [as handle_request] (C:\\Users\\Nixon\\Desktop\\Curso BACKEND\\node_modules\\express\\lib\\router\\layer.js:95:5)\n    at next (C:\\Users\\Nixon\\Desktop\\Curso BACKEND\\node_modules\\express\\lib\\router\\route.js:144:13)\n    at Route.dispatch (C:\\Users\\Nixon\\Desktop\\Curso BACKEND\\node_modules\\express\\lib\\router\\route.js:114:3)\n    at Layer.handle [as handle_request] (C:\\Users\\Nixon\\Desktop\\Curso BACKEND\\node_modules\\express\\lib\\router\\layer.js:95:5)\n    at C:\\Users\\Nixon\\Desktop\\Curso BACKEND\\node_modules\\express\\lib\\router\\index.js:284:15\n    at Function.process_params (C:\\Users\\Nixon\\Desktop\\Curso BACKEND\\node_modules\\express\\lib\\router\\index.js:346:12)\n    at next (C:\\Users\\Nixon\\Desktop\\Curso BACKEND\\node_modules\\express\\lib\\router\\index.js:280:10)\n    at Function.handle (C:\\Users\\Nixon\\Desktop\\Curso BACKEND\\node_modules\\express\\lib\\router\\index.js:175:3)"}
error: undefined
error: undefined
error: undefined
error: undefined
error: undefined
error: undefined
error: undefined
error: undefined
error: undefined
error: undefined
error: undefined
error: undefined
error: undefined
error: undefined
error: undefined
error: undefined
error: undefined
error: undefined
error: undefined
error: undefined
error: undefined
error: undefined
error: undefined
error: undefined
error: undefined
error: undefined
error: undefined
error: undefined
error: undefined
error: undefined
error: undefined
error: undefined
error: undefined
error: undefined
error: undefined
error: undefined
error: undefined
error: undefined
error: undefined
error: undefined
error: undefined
error: undefined
error: undefined
error: undefined
error: undefined
error: undefined
error: undefined
error: undefined
error: undefined
error: undefined
error: undefined
error: undefined
error: undefined
error: undefined
error: undefined
error: undefined
error: undefined
error: undefined
error: undefined
error: undefined
error: undefined
error: undefined
error: undefined
error: undefined
error: undefined
error: undefined
error: undefined
error: undefined
error: undefined
error: undefined
error: undefined
error: undefined
error: undefined
error: undefined
error: undefined
error: undefined
error: undefined
error: undefined
error: undefined
error: undefined
error: undefined
error: undefined
error: undefined
error: undefined
error: undefined
error: undefined
error: undefined
error: undefined
error: undefined
error: undefined
error: undefined
error: undefined
error: undefined
error: undefined
error: undefined
error: undefined
error: undefined
error: undefined
error: undefined
error: undefined
error: undefined
error: undefined
error: Error during user registration: Cannot read properties of undefined (reading 'getBy') {"stack":"TypeError: Cannot read properties of undefined (reading 'getBy')\n    at UserRepository.getUserBy (C:\\Users\\Nixon\\Desktop\\Curso BACKEND\\src\\repositories\\user.repository.js:7:49)\n    at register (C:\\Users\\Nixon\\Desktop\\Curso BACKEND\\src\\controllers\\session.controllers.js:22:57)\n    at Layer.handle [as handle_request] (C:\\Users\\Nixon\\Desktop\\Curso BACKEND\\node_modules\\express\\lib\\router\\layer.js:95:5)\n    at next (C:\\Users\\Nixon\\Desktop\\Curso BACKEND\\node_modules\\express\\lib\\router\\route.js:144:13)\n    at Route.dispatch (C:\\Users\\Nixon\\Desktop\\Curso BACKEND\\node_modules\\express\\lib\\router\\route.js:114:3)\n    at Layer.handle [as handle_request] (C:\\Users\\Nixon\\Desktop\\Curso BACKEND\\node_modules\\express\\lib\\router\\layer.js:95:5)\n    at C:\\Users\\Nixon\\Desktop\\Curso BACKEND\\node_modules\\express\\lib\\router\\index.js:284:15\n    at Function.process_params (C:\\Users\\Nixon\\Desktop\\Curso BACKEND\\node_modules\\express\\lib\\router\\index.js:346:12)\n    at next (C:\\Users\\Nixon\\Desktop\\Curso BACKEND\\node_modules\\express\\lib\\router\\index.js:280:10)\n    at Function.handle (C:\\Users\\Nixon\\Desktop\\Curso BACKEND\\node_modules\\express\\lib\\router\\index.js:175:3)"}
error: Error during user registration: Cannot read properties of undefined (reading 'getBy') {"stack":"TypeError: Cannot read properties of undefined (reading 'getBy')\n    at UserRepository.getUserBy (C:\\Users\\Nixon\\Desktop\\Curso BACKEND\\src\\repositories\\user.repository.js:7:49)\n    at register (C:\\Users\\Nixon\\Desktop\\Curso BACKEND\\src\\controllers\\session.controllers.js:22:57)\n    at Layer.handle [as handle_request] (C:\\Users\\Nixon\\Desktop\\Curso BACKEND\\node_modules\\express\\lib\\router\\layer.js:95:5)\n    at next (C:\\Users\\Nixon\\Desktop\\Curso BACKEND\\node_modules\\express\\lib\\router\\route.js:144:13)\n    at Route.dispatch (C:\\Users\\Nixon\\Desktop\\Curso BACKEND\\node_modules\\express\\lib\\router\\route.js:114:3)\n    at Layer.handle [as handle_request] (C:\\Users\\Nixon\\Desktop\\Curso BACKEND\\node_modules\\express\\lib\\router\\layer.js:95:5)\n    at C:\\Users\\Nixon\\Desktop\\Curso BACKEND\\node_modules\\express\\lib\\router\\index.js:284:15\n    at Function.process_params (C:\\Users\\Nixon\\Desktop\\Curso BACKEND\\node_modules\\express\\lib\\router\\index.js:346:12)\n    at next (C:\\Users\\Nixon\\Desktop\\Curso BACKEND\\node_modules\\express\\lib\\router\\index.js:280:10)\n    at Function.handle (C:\\Users\\Nixon\\Desktop\\Curso BACKEND\\node_modules\\express\\lib\\router\\index.js:175:3)"}
error: Error during user registration: Cannot read properties of undefined (reading 'getBy') {"stack":"TypeError: Cannot read properties of undefined (reading 'getBy')\n    at UserRepository.getUserBy (C:\\Users\\Nixon\\Desktop\\Curso BACKEND\\src\\repositories\\user.repository.js:7:49)\n    at register (C:\\Users\\Nixon\\Desktop\\Curso BACKEND\\src\\controllers\\session.controllers.js:22:57)\n    at Layer.handle [as handle_request] (C:\\Users\\Nixon\\Desktop\\Curso BACKEND\\node_modules\\express\\lib\\router\\layer.js:95:5)\n    at next (C:\\Users\\Nixon\\Desktop\\Curso BACKEND\\node_modules\\express\\lib\\router\\route.js:144:13)\n    at Route.dispatch (C:\\Users\\Nixon\\Desktop\\Curso BACKEND\\node_modules\\express\\lib\\router\\route.js:114:3)\n    at Layer.handle [as handle_request] (C:\\Users\\Nixon\\Desktop\\Curso BACKEND\\node_modules\\express\\lib\\router\\layer.js:95:5)\n    at C:\\Users\\Nixon\\Desktop\\Curso BACKEND\\node_modules\\express\\lib\\router\\index.js:284:15\n    at Function.process_params (C:\\Users\\Nixon\\Desktop\\Curso BACKEND\\node_modules\\express\\lib\\router\\index.js:346:12)\n    at next (C:\\Users\\Nixon\\Desktop\\Curso BACKEND\\node_modules\\express\\lib\\router\\index.js:280:10)\n    at Function.handle (C:\\Users\\Nixon\\Desktop\\Curso BACKEND\\node_modules\\express\\lib\\router\\index.js:175:3)"}
error: undefined {"view":{"defaultEngine":"hbs","ext":".hbs","name":"resetPassword","root":"C:\\Users\\Nixon\\Desktop\\Curso BACKEND\\src/views"}}
error: undefined
error: undefined
error: undefined
error: undefined
error: undefined
error: undefined
error: undefined
error: undefined
error: undefined
error: undefined
error: undefined
error: undefined
error: undefined
error: undefined
error: undefined
error: undefined
error: undefined
error: undefined
error: undefined
error: undefined
error: undefined
error: undefined
error: undefined
error: undefined
error: undefined
error: undefined
error: undefined
error: undefined
error: undefined
error: undefined
error: undefined
error: undefined
error: undefined
error: undefined
error: undefined
error: undefined
error: undefined
error: undefined
error: undefined
error: undefined
error: undefined
error: undefined
error: undefined
error: undefined
error: undefined
error: undefined
error: undefined
error: undefined
error: undefined
error: undefined
error: undefined
error: undefined
error: undefined
error: undefined
error: undefined
error: undefined
error: undefined
error: undefined
error: undefined
error: undefined
error: undefined
error: undefined
error: undefined
error: undefined
error: undefined
error: undefined
error: undefined
error: undefined
error: undefined
error: undefined {"code":"ENOENT","errno":-4058,"path":"C:\\Users\\Nixon\\Desktop\\Curso BACKEND\\src\\views\\layouts\\main.handlebars","syscall":"open"}
error: undefined {"code":"ENOENT","errno":-4058,"path":"C:\\Users\\Nixon\\Desktop\\Curso BACKEND\\src\\views\\layouts\\main.handlebars","syscall":"open"}
error: undefined {"code":"ENOENT","errno":-4058,"path":"C:\\Users\\Nixon\\Desktop\\Curso BACKEND\\src\\views\\layouts\\main.handlebars","syscall":"open"}
error: undefined {"code":"ENOENT","errno":-4058,"path":"C:\\Users\\Nixon\\Desktop\\Curso BACKEND\\src\\views\\layouts\\main.handlebars","syscall":"open"}
error: undefined {"code":"ENOENT","errno":-4058,"path":"C:\\Users\\Nixon\\Desktop\\Curso BACKEND\\src\\views\\layouts\\main.handlebars","syscall":"open"}
error: undefined {"code":"ENOENT","errno":-4058,"path":"C:\\Users\\Nixon\\Desktop\\Curso BACKEND\\src\\views\\layouts\\main.handlebars","syscall":"open"}
error: undefined {"code":"ENOENT","errno":-4058,"path":"C:\\Users\\Nixon\\Desktop\\Curso BACKEND\\src\\views\\layouts\\main.handlebars","syscall":"open"}
error: undefined {"code":"ENOENT","errno":-4058,"path":"C:\\Users\\Nixon\\Desktop\\Curso BACKEND\\src\\views\\layouts\\main.handlebars","syscall":"open"}
error: undefined {"code":"ENOENT","errno":-4058,"path":"C:\\Users\\Nixon\\Desktop\\Curso BACKEND\\src\\views\\layouts\\main.handlebars","syscall":"open"}
error: undefined {"code":"ENOENT","errno":-4058,"path":"C:\\Users\\Nixon\\Desktop\\Curso BACKEND\\src\\views\\layouts\\main.handlebars","syscall":"open"}
error: undefined {"code":"ENOENT","errno":-4058,"path":"C:\\Users\\Nixon\\Desktop\\Curso BACKEND\\src\\views\\layouts\\main.handlebars","syscall":"open"}
error: undefined {"code":"ENOENT","errno":-4058,"path":"C:\\Users\\Nixon\\Desktop\\Curso BACKEND\\src\\views\\layouts\\main.handlebars","syscall":"open"}
error: undefined {"code":"ENOENT","errno":-4058,"path":"C:\\Users\\Nixon\\Desktop\\Curso BACKEND\\src\\views\\layouts\\main.handlebars","syscall":"open"}
error: undefined {"code":"ENOENT","errno":-4058,"path":"C:\\Users\\Nixon\\Desktop\\Curso BACKEND\\src\\views\\layouts\\main.handlebars","syscall":"open"}
error: undefined {"code":"ENOENT","errno":-4058,"path":"C:\\Users\\Nixon\\Desktop\\Curso BACKEND\\src\\views\\layouts\\main.handlebars","syscall":"open"}
error: undefined {"code":"ENOENT","errno":-4058,"path":"C:\\Users\\Nixon\\Desktop\\Curso BACKEND\\src\\views\\layouts\\main.handlebars","syscall":"open"}
error: undefined {"code":"ENOENT","errno":-4058,"path":"C:\\Users\\Nixon\\Desktop\\Curso BACKEND\\src\\views\\layouts\\main.handlebars","syscall":"open"}
error: undefined {"code":"ENOENT","errno":-4058,"path":"C:\\Users\\Nixon\\Desktop\\Curso BACKEND\\src\\views\\layouts\\main.handlebars","syscall":"open"}
error: undefined {"code":"ENOENT","errno":-4058,"path":"C:\\Users\\Nixon\\Desktop\\Curso BACKEND\\src\\views\\layouts\\main.handlebars","syscall":"open"}
error: undefined {"code":"ENOENT","errno":-4058,"path":"C:\\Users\\Nixon\\Desktop\\Curso BACKEND\\src\\views\\layouts\\main.handlebars","syscall":"open"}
error: undefined {"code":"ENOENT","errno":-4058,"path":"C:\\Users\\Nixon\\Desktop\\Curso BACKEND\\src\\views\\layouts\\main.handlebars","syscall":"open"}
error: undefined {"code":"ENOENT","errno":-4058,"path":"C:\\Users\\Nixon\\Desktop\\Curso BACKEND\\src\\views\\layouts\\main.handlebars","syscall":"open"}
error: undefined {"code":"ENOENT","errno":-4058,"path":"C:\\Users\\Nixon\\Desktop\\Curso BACKEND\\src\\views\\layouts\\main.handlebars","syscall":"open"}
error: undefined {"code":"ENOENT","errno":-4058,"path":"C:\\Users\\Nixon\\Desktop\\Curso BACKEND\\src\\views\\layouts\\main.handlebars","syscall":"open"}
error: undefined {"code":"ENOENT","errno":-4058,"path":"C:\\Users\\Nixon\\Desktop\\Curso BACKEND\\src\\views\\layouts\\main.handlebars","syscall":"open"}
error: undefined
error: undefined
error: undefined
error: undefined
error: Error during user login: Cannot read properties of undefined (reading 'getBy') {"stack":"TypeError: Cannot read properties of undefined (reading 'getBy')\n    at UserRepository.getUserBy (C:\\Users\\Nixon\\Desktop\\Curso BACKEND\\src\\repositories\\user.repository.js:7:49)\n    at login (C:\\Users\\Nixon\\Desktop\\Curso BACKEND\\src\\controllers\\session.controllers.js:89:49)\n    at Layer.handle [as handle_request] (C:\\Users\\Nixon\\Desktop\\Curso BACKEND\\node_modules\\express\\lib\\router\\layer.js:95:5)\n    at next (C:\\Users\\Nixon\\Desktop\\Curso BACKEND\\node_modules\\express\\lib\\router\\route.js:144:13)\n    at Route.dispatch (C:\\Users\\Nixon\\Desktop\\Curso BACKEND\\node_modules\\express\\lib\\router\\route.js:114:3)\n    at Layer.handle [as handle_request] (C:\\Users\\Nixon\\Desktop\\Curso BACKEND\\node_modules\\express\\lib\\router\\layer.js:95:5)\n    at C:\\Users\\Nixon\\Desktop\\Curso BACKEND\\node_modules\\express\\lib\\router\\index.js:284:15\n    at Function.process_params (C:\\Users\\Nixon\\Desktop\\Curso BACKEND\\node_modules\\express\\lib\\router\\index.js:346:12)\n    at next (C:\\Users\\Nixon\\Desktop\\Curso BACKEND\\node_modules\\express\\lib\\router\\index.js:280:10)\n    at Function.handle (C:\\Users\\Nixon\\Desktop\\Curso BACKEND\\node_modules\\express\\lib\\router\\index.js:175:3)"}
error: Error during user registration: Cannot read properties of undefined (reading 'getBy') {"stack":"TypeError: Cannot read properties of undefined (reading 'getBy')\n    at UserRepository.getUserBy (C:\\Users\\Nixon\\Desktop\\Curso BACKEND\\src\\repositories\\user.repository.js:7:49)\n    at register (C:\\Users\\Nixon\\Desktop\\Curso BACKEND\\src\\controllers\\session.controllers.js:22:57)\n    at Layer.handle [as handle_request] (C:\\Users\\Nixon\\Desktop\\Curso BACKEND\\node_modules\\express\\lib\\router\\layer.js:95:5)\n    at next (C:\\Users\\Nixon\\Desktop\\Curso BACKEND\\node_modules\\express\\lib\\router\\route.js:144:13)\n    at Route.dispatch (C:\\Users\\Nixon\\Desktop\\Curso BACKEND\\node_modules\\express\\lib\\router\\route.js:114:3)\n    at Layer.handle [as handle_request] (C:\\Users\\Nixon\\Desktop\\Curso BACKEND\\node_modules\\express\\lib\\router\\layer.js:95:5)\n    at C:\\Users\\Nixon\\Desktop\\Curso BACKEND\\node_modules\\express\\lib\\router\\index.js:284:15\n    at Function.process_params (C:\\Users\\Nixon\\Desktop\\Curso BACKEND\\node_modules\\express\\lib\\router\\index.js:346:12)\n    at next (C:\\Users\\Nixon\\Desktop\\Curso BACKEND\\node_modules\\express\\lib\\router\\index.js:280:10)\n    at Function.handle (C:\\Users\\Nixon\\Desktop\\Curso BACKEND\\node_modules\\express\\lib\\router\\index.js:175:3)"}
error: undefined
error: Error during user login: Cannot read properties of undefined (reading 'getBy') {"stack":"TypeError: Cannot read properties of undefined (reading 'getBy')\n    at UserRepository.getUserBy (C:\\Users\\Nixon\\Desktop\\Curso BACKEND\\src\\repositories\\user.repository.js:9:49)\n    at login (C:\\Users\\Nixon\\Desktop\\Curso BACKEND\\src\\controllers\\session.controllers.js:89:49)\n    at Layer.handle [as handle_request] (C:\\Users\\Nixon\\Desktop\\Curso BACKEND\\node_modules\\express\\lib\\router\\layer.js:95:5)\n    at next (C:\\Users\\Nixon\\Desktop\\Curso BACKEND\\node_modules\\express\\lib\\router\\route.js:144:13)\n    at Route.dispatch (C:\\Users\\Nixon\\Desktop\\Curso BACKEND\\node_modules\\express\\lib\\router\\route.js:114:3)\n    at Layer.handle [as handle_request] (C:\\Users\\Nixon\\Desktop\\Curso BACKEND\\node_modules\\express\\lib\\router\\layer.js:95:5)\n    at C:\\Users\\Nixon\\Desktop\\Curso BACKEND\\node_modules\\express\\lib\\router\\index.js:284:15\n    at Function.process_params (C:\\Users\\Nixon\\Desktop\\Curso BACKEND\\node_modules\\express\\lib\\router\\index.js:346:12)\n    at next (C:\\Users\\Nixon\\Desktop\\Curso BACKEND\\node_modules\\express\\lib\\router\\index.js:280:10)\n    at Function.handle (C:\\Users\\Nixon\\Desktop\\Curso BACKEND\\node_modules\\express\\lib\\router\\index.js:175:3)"}
error: undefined
error: undefined
error: undefined
error: Error during user registration: Cannot read properties of undefined (reading 'getBy') {"stack":"TypeError: Cannot read properties of undefined (reading 'getBy')\n    at UserRepository.getUserBy (C:\\Users\\Nixon\\Desktop\\Curso BACKEND\\src\\repositories\\user.repository.js:9:49)\n    at register (C:\\Users\\Nixon\\Desktop\\Curso BACKEND\\src\\controllers\\session.controllers.js:22:57)\n    at Layer.handle [as handle_request] (C:\\Users\\Nixon\\Desktop\\Curso BACKEND\\node_modules\\express\\lib\\router\\layer.js:95:5)\n    at next (C:\\Users\\Nixon\\Desktop\\Curso BACKEND\\node_modules\\express\\lib\\router\\route.js:144:13)\n    at Route.dispatch (C:\\Users\\Nixon\\Desktop\\Curso BACKEND\\node_modules\\express\\lib\\router\\route.js:114:3)\n    at Layer.handle [as handle_request] (C:\\Users\\Nixon\\Desktop\\Curso BACKEND\\node_modules\\express\\lib\\router\\layer.js:95:5)\n    at C:\\Users\\Nixon\\Desktop\\Curso BACKEND\\node_modules\\express\\lib\\router\\index.js:284:15\n    at Function.process_params (C:\\Users\\Nixon\\Desktop\\Curso BACKEND\\node_modules\\express\\lib\\router\\index.js:346:12)\n    at next (C:\\Users\\Nixon\\Desktop\\Curso BACKEND\\node_modules\\express\\lib\\router\\index.js:280:10)\n    at Function.handle (C:\\Users\\Nixon\\Desktop\\Curso BACKEND\\node_modules\\express\\lib\\router\\index.js:175:3)"}
error: Error during user registration: Cannot read properties of undefined (reading 'getBy') {"stack":"TypeError: Cannot read properties of undefined (reading 'getBy')\n    at UserRepository.getUserBy (C:\\Users\\Nixon\\Desktop\\Curso BACKEND\\src\\repositories\\user.repository.js:9:49)\n    at register (C:\\Users\\Nixon\\Desktop\\Curso BACKEND\\src\\controllers\\session.controllers.js:22:57)\n    at Layer.handle [as handle_request] (C:\\Users\\Nixon\\Desktop\\Curso BACKEND\\node_modules\\express\\lib\\router\\layer.js:95:5)\n    at next (C:\\Users\\Nixon\\Desktop\\Curso BACKEND\\node_modules\\express\\lib\\router\\route.js:144:13)\n    at Route.dispatch (C:\\Users\\Nixon\\Desktop\\Curso BACKEND\\node_modules\\express\\lib\\router\\route.js:114:3)\n    at Layer.handle [as handle_request] (C:\\Users\\Nixon\\Desktop\\Curso BACKEND\\node_modules\\express\\lib\\router\\layer.js:95:5)\n    at C:\\Users\\Nixon\\Desktop\\Curso BACKEND\\node_modules\\express\\lib\\router\\index.js:284:15\n    at Function.process_params (C:\\Users\\Nixon\\Desktop\\Curso BACKEND\\node_modules\\express\\lib\\router\\index.js:346:12)\n    at next (C:\\Users\\Nixon\\Desktop\\Curso BACKEND\\node_modules\\express\\lib\\router\\index.js:280:10)\n    at Function.handle (C:\\Users\\Nixon\\Desktop\\Curso BACKEND\\node_modules\\express\\lib\\router\\index.js:175:3)"}
error: Error during user registration: Cannot read properties of undefined (reading 'getBy') {"stack":"TypeError: Cannot read properties of undefined (reading 'getBy')\n    at UserRepository.getUserBy (C:\\Users\\Nixon\\Desktop\\Curso BACKEND\\src\\repositories\\user.repository.js:9:49)\n    at register (C:\\Users\\Nixon\\Desktop\\Curso BACKEND\\src\\controllers\\session.controllers.js:22:57)\n    at Layer.handle [as handle_request] (C:\\Users\\Nixon\\Desktop\\Curso BACKEND\\node_modules\\express\\lib\\router\\layer.js:95:5)\n    at next (C:\\Users\\Nixon\\Desktop\\Curso BACKEND\\node_modules\\express\\lib\\router\\route.js:144:13)\n    at Route.dispatch (C:\\Users\\Nixon\\Desktop\\Curso BACKEND\\node_modules\\express\\lib\\router\\route.js:114:3)\n    at Layer.handle [as handle_request] (C:\\Users\\Nixon\\Desktop\\Curso BACKEND\\node_modules\\express\\lib\\router\\layer.js:95:5)\n    at C:\\Users\\Nixon\\Desktop\\Curso BACKEND\\node_modules\\express\\lib\\router\\index.js:284:15\n    at Function.process_params (C:\\Users\\Nixon\\Desktop\\Curso BACKEND\\node_modules\\express\\lib\\router\\index.js:346:12)\n    at next (C:\\Users\\Nixon\\Desktop\\Curso BACKEND\\node_modules\\express\\lib\\router\\index.js:280:10)\n    at Function.handle (C:\\Users\\Nixon\\Desktop\\Curso BACKEND\\node_modules\\express\\lib\\router\\index.js:175:3)"}
error: Error during user registration: Cannot read properties of undefined (reading 'getBy') {"stack":"TypeError: Cannot read properties of undefined (reading 'getBy')\n    at UserRepository.getUserBy (C:\\Users\\Nixon\\Desktop\\Curso BACKEND\\src\\repositories\\user.repository.js:9:49)\n    at register (C:\\Users\\Nixon\\Desktop\\Curso BACKEND\\src\\controllers\\session.controllers.js:22:57)\n    at Layer.handle [as handle_request] (C:\\Users\\Nixon\\Desktop\\Curso BACKEND\\node_modules\\express\\lib\\router\\layer.js:95:5)\n    at next (C:\\Users\\Nixon\\Desktop\\Curso BACKEND\\node_modules\\express\\lib\\router\\route.js:144:13)\n    at Route.dispatch (C:\\Users\\Nixon\\Desktop\\Curso BACKEND\\node_modules\\express\\lib\\router\\route.js:114:3)\n    at Layer.handle [as handle_request] (C:\\Users\\Nixon\\Desktop\\Curso BACKEND\\node_modules\\express\\lib\\router\\layer.js:95:5)\n    at C:\\Users\\Nixon\\Desktop\\Curso BACKEND\\node_modules\\express\\lib\\router\\index.js:284:15\n    at Function.process_params (C:\\Users\\Nixon\\Desktop\\Curso BACKEND\\node_modules\\express\\lib\\router\\index.js:346:12)\n    at next (C:\\Users\\Nixon\\Desktop\\Curso BACKEND\\node_modules\\express\\lib\\router\\index.js:280:10)\n    at Function.handle (C:\\Users\\Nixon\\Desktop\\Curso BACKEND\\node_modules\\express\\lib\\router\\index.js:175:3)"}
error: Error during user registration: Cannot read properties of undefined (reading 'getBy') {"stack":"TypeError: Cannot read properties of undefined (reading 'getBy')\n    at UserRepository.getUserBy (C:\\Users\\Nixon\\Desktop\\Curso BACKEND\\src\\repositories\\user.repository.js:9:49)\n    at register (C:\\Users\\Nixon\\Desktop\\Curso BACKEND\\src\\controllers\\session.controllers.js:22:57)\n    at Layer.handle [as handle_request] (C:\\Users\\Nixon\\Desktop\\Curso BACKEND\\node_modules\\express\\lib\\router\\layer.js:95:5)\n    at next (C:\\Users\\Nixon\\Desktop\\Curso BACKEND\\node_modules\\express\\lib\\router\\route.js:144:13)\n    at Route.dispatch (C:\\Users\\Nixon\\Desktop\\Curso BACKEND\\node_modules\\express\\lib\\router\\route.js:114:3)\n    at Layer.handle [as handle_request] (C:\\Users\\Nixon\\Desktop\\Curso BACKEND\\node_modules\\express\\lib\\router\\layer.js:95:5)\n    at C:\\Users\\Nixon\\Desktop\\Curso BACKEND\\node_modules\\express\\lib\\router\\index.js:284:15\n    at Function.process_params (C:\\Users\\Nixon\\Desktop\\Curso BACKEND\\node_modules\\express\\lib\\router\\index.js:346:12)\n    at next (C:\\Users\\Nixon\\Desktop\\Curso BACKEND\\node_modules\\express\\lib\\router\\index.js:280:10)\n    at Function.handle (C:\\Users\\Nixon\\Desktop\\Curso BACKEND\\node_modules\\express\\lib\\router\\index.js:175:3)"}
error: Error during user registration: Cannot read properties of undefined (reading 'getBy') {"stack":"TypeError: Cannot read properties of undefined (reading 'getBy')\n    at UserRepository.getUserBy (C:\\Users\\Nixon\\Desktop\\Curso BACKEND\\src\\repositories\\user.repository.js:8:49)\n    at register (C:\\Users\\Nixon\\Desktop\\Curso BACKEND\\src\\controllers\\session.controllers.js:22:57)\n    at Layer.handle [as handle_request] (C:\\Users\\Nixon\\Desktop\\Curso BACKEND\\node_modules\\express\\lib\\router\\layer.js:95:5)\n    at next (C:\\Users\\Nixon\\Desktop\\Curso BACKEND\\node_modules\\express\\lib\\router\\route.js:144:13)\n    at Route.dispatch (C:\\Users\\Nixon\\Desktop\\Curso BACKEND\\node_modules\\express\\lib\\router\\route.js:114:3)\n    at Layer.handle [as handle_request] (C:\\Users\\Nixon\\Desktop\\Curso BACKEND\\node_modules\\express\\lib\\router\\layer.js:95:5)\n    at C:\\Users\\Nixon\\Desktop\\Curso BACKEND\\node_modules\\express\\lib\\router\\index.js:284:15\n    at Function.process_params (C:\\Users\\Nixon\\Desktop\\Curso BACKEND\\node_modules\\express\\lib\\router\\index.js:346:12)\n    at next (C:\\Users\\Nixon\\Desktop\\Curso BACKEND\\node_modules\\express\\lib\\router\\index.js:280:10)\n    at Function.handle (C:\\Users\\Nixon\\Desktop\\Curso BACKEND\\node_modules\\express\\lib\\router\\index.js:175:3)"}
error: Error during user registration: Cannot read properties of undefined (reading 'getBy') {"stack":"TypeError: Cannot read properties of undefined (reading 'getBy')\n    at UserRepository.getUserBy (C:\\Users\\Nixon\\Desktop\\Curso BACKEND\\src\\repositories\\user.repository.js:8:49)\n    at register (C:\\Users\\Nixon\\Desktop\\Curso BACKEND\\src\\controllers\\session.controllers.js:22:57)\n    at Layer.handle [as handle_request] (C:\\Users\\Nixon\\Desktop\\Curso BACKEND\\node_modules\\express\\lib\\router\\layer.js:95:5)\n    at next (C:\\Users\\Nixon\\Desktop\\Curso BACKEND\\node_modules\\express\\lib\\router\\route.js:144:13)\n    at Route.dispatch (C:\\Users\\Nixon\\Desktop\\Curso BACKEND\\node_modules\\express\\lib\\router\\route.js:114:3)\n    at Layer.handle [as handle_request] (C:\\Users\\Nixon\\Desktop\\Curso BACKEND\\node_modules\\express\\lib\\router\\layer.js:95:5)\n    at C:\\Users\\Nixon\\Desktop\\Curso BACKEND\\node_modules\\express\\lib\\router\\index.js:284:15\n    at Function.process_params (C:\\Users\\Nixon\\Desktop\\Curso BACKEND\\node_modules\\express\\lib\\router\\index.js:346:12)\n    at next (C:\\Users\\Nixon\\Desktop\\Curso BACKEND\\node_modules\\express\\lib\\router\\index.js:280:10)\n    at Function.handle (C:\\Users\\Nixon\\Desktop\\Curso BACKEND\\node_modules\\express\\lib\\router\\index.js:175:3)"}
error: Error during user registration: Cannot read properties of undefined (reading 'getBy') {"stack":"TypeError: Cannot read properties of undefined (reading 'getBy')\n    at UserRepository.getUserBy (C:\\Users\\Nixon\\Desktop\\Curso BACKEND\\src\\repositories\\user.repository.js:8:49)\n    at register (C:\\Users\\Nixon\\Desktop\\Curso BACKEND\\src\\controllers\\session.controllers.js:22:57)\n    at Layer.handle [as handle_request] (C:\\Users\\Nixon\\Desktop\\Curso BACKEND\\node_modules\\express\\lib\\router\\layer.js:95:5)\n    at next (C:\\Users\\Nixon\\Desktop\\Curso BACKEND\\node_modules\\express\\lib\\router\\route.js:144:13)\n    at Route.dispatch (C:\\Users\\Nixon\\Desktop\\Curso BACKEND\\node_modules\\express\\lib\\router\\route.js:114:3)\n    at Layer.handle [as handle_request] (C:\\Users\\Nixon\\Desktop\\Curso BACKEND\\node_modules\\express\\lib\\router\\layer.js:95:5)\n    at C:\\Users\\Nixon\\Desktop\\Curso BACKEND\\node_modules\\express\\lib\\router\\index.js:284:15\n    at Function.process_params (C:\\Users\\Nixon\\Desktop\\Curso BACKEND\\node_modules\\express\\lib\\router\\index.js:346:12)\n    at next (C:\\Users\\Nixon\\Desktop\\Curso BACKEND\\node_modules\\express\\lib\\router\\index.js:280:10)\n    at Function.handle (C:\\Users\\Nixon\\Desktop\\Curso BACKEND\\node_modules\\express\\lib\\router\\index.js:175:3)"}
error: Error during user registration: Cannot read properties of undefined (reading 'getBy') {"stack":"TypeError: Cannot read properties of undefined (reading 'getBy')\n    at UserRepository.getUserBy (C:\\Users\\Nixon\\Desktop\\Curso BACKEND\\src\\repositories\\user.repository.js:8:49)\n    at register (C:\\Users\\Nixon\\Desktop\\Curso BACKEND\\src\\controllers\\session.controllers.js:22:57)\n    at Layer.handle [as handle_request] (C:\\Users\\Nixon\\Desktop\\Curso BACKEND\\node_modules\\express\\lib\\router\\layer.js:95:5)\n    at next (C:\\Users\\Nixon\\Desktop\\Curso BACKEND\\node_modules\\express\\lib\\router\\route.js:144:13)\n    at Route.dispatch (C:\\Users\\Nixon\\Desktop\\Curso BACKEND\\node_modules\\express\\lib\\router\\route.js:114:3)\n    at Layer.handle [as handle_request] (C:\\Users\\Nixon\\Desktop\\Curso BACKEND\\node_modules\\express\\lib\\router\\layer.js:95:5)\n    at C:\\Users\\Nixon\\Desktop\\Curso BACKEND\\node_modules\\express\\lib\\router\\index.js:284:15\n    at Function.process_params (C:\\Users\\Nixon\\Desktop\\Curso BACKEND\\node_modules\\express\\lib\\router\\index.js:346:12)\n    at next (C:\\Users\\Nixon\\Desktop\\Curso BACKEND\\node_modules\\express\\lib\\router\\index.js:280:10)\n    at Function.handle (C:\\Users\\Nixon\\Desktop\\Curso BACKEND\\node_modules\\express\\lib\\router\\index.js:175:3)"}
error: Error during user registration: Cannot read properties of undefined (reading 'getBy') {"stack":"TypeError: Cannot read properties of undefined (reading 'getBy')\n    at UserRepository.getUserBy (C:\\Users\\Nixon\\Desktop\\Curso BACKEND\\src\\repositories\\user.repository.js:8:49)\n    at register (C:\\Users\\Nixon\\Desktop\\Curso BACKEND\\src\\controllers\\session.controllers.js:22:57)\n    at Layer.handle [as handle_request] (C:\\Users\\Nixon\\Desktop\\Curso BACKEND\\node_modules\\express\\lib\\router\\layer.js:95:5)\n    at next (C:\\Users\\Nixon\\Desktop\\Curso BACKEND\\node_modules\\express\\lib\\router\\route.js:144:13)\n    at Route.dispatch (C:\\Users\\Nixon\\Desktop\\Curso BACKEND\\node_modules\\express\\lib\\router\\route.js:114:3)\n    at Layer.handle [as handle_request] (C:\\Users\\Nixon\\Desktop\\Curso BACKEND\\node_modules\\express\\lib\\router\\layer.js:95:5)\n    at C:\\Users\\Nixon\\Desktop\\Curso BACKEND\\node_modules\\express\\lib\\router\\index.js:284:15\n    at Function.process_params (C:\\Users\\Nixon\\Desktop\\Curso BACKEND\\node_modules\\express\\lib\\router\\index.js:346:12)\n    at next (C:\\Users\\Nixon\\Desktop\\Curso BACKEND\\node_modules\\express\\lib\\router\\index.js:280:10)\n    at Function.handle (C:\\Users\\Nixon\\Desktop\\Curso BACKEND\\node_modules\\express\\lib\\router\\index.js:175:3)"}
error: undefined
error: undefined
error: undefined
error: undefined
error: undefined
error: Error during user login: Cannot read properties of undefined (reading 'getBy') {"stack":"TypeError: Cannot read properties of undefined (reading 'getBy')\n    at UserRepository.getUserBy (C:\\Users\\Nixon\\Desktop\\Curso BACKEND\\src\\repositories\\user.repository.js:8:49)\n    at login (C:\\Users\\Nixon\\Desktop\\Curso BACKEND\\src\\controllers\\session.controllers.js:89:49)\n    at Layer.handle [as handle_request] (C:\\Users\\Nixon\\Desktop\\Curso BACKEND\\node_modules\\express\\lib\\router\\layer.js:95:5)\n    at next (C:\\Users\\Nixon\\Desktop\\Curso BACKEND\\node_modules\\express\\lib\\router\\route.js:144:13)\n    at Route.dispatch (C:\\Users\\Nixon\\Desktop\\Curso BACKEND\\node_modules\\express\\lib\\router\\route.js:114:3)\n    at Layer.handle [as handle_request] (C:\\Users\\Nixon\\Desktop\\Curso BACKEND\\node_modules\\express\\lib\\router\\layer.js:95:5)\n    at C:\\Users\\Nixon\\Desktop\\Curso BACKEND\\node_modules\\express\\lib\\router\\index.js:284:15\n    at Function.process_params (C:\\Users\\Nixon\\Desktop\\Curso BACKEND\\node_modules\\express\\lib\\router\\index.js:346:12)\n    at next (C:\\Users\\Nixon\\Desktop\\Curso BACKEND\\node_modules\\express\\lib\\router\\index.js:280:10)\n    at Function.handle (C:\\Users\\Nixon\\Desktop\\Curso BACKEND\\node_modules\\express\\lib\\router\\index.js:175:3)"}
error: Error during user login: Cannot read properties of undefined (reading 'getBy') {"stack":"TypeError: Cannot read properties of undefined (reading 'getBy')\n    at UserRepository.getUserBy (C:\\Users\\Nixon\\Desktop\\Curso BACKEND\\src\\repositories\\user.repository.js:8:49)\n    at login (C:\\Users\\Nixon\\Desktop\\Curso BACKEND\\src\\controllers\\session.controllers.js:89:49)\n    at Layer.handle [as handle_request] (C:\\Users\\Nixon\\Desktop\\Curso BACKEND\\node_modules\\express\\lib\\router\\layer.js:95:5)\n    at next (C:\\Users\\Nixon\\Desktop\\Curso BACKEND\\node_modules\\express\\lib\\router\\route.js:144:13)\n    at Route.dispatch (C:\\Users\\Nixon\\Desktop\\Curso BACKEND\\node_modules\\express\\lib\\router\\route.js:114:3)\n    at Layer.handle [as handle_request] (C:\\Users\\Nixon\\Desktop\\Curso BACKEND\\node_modules\\express\\lib\\router\\layer.js:95:5)\n    at C:\\Users\\Nixon\\Desktop\\Curso BACKEND\\node_modules\\express\\lib\\router\\index.js:284:15\n    at Function.process_params (C:\\Users\\Nixon\\Desktop\\Curso BACKEND\\node_modules\\express\\lib\\router\\index.js:346:12)\n    at next (C:\\Users\\Nixon\\Desktop\\Curso BACKEND\\node_modules\\express\\lib\\router\\index.js:280:10)\n    at Function.handle (C:\\Users\\Nixon\\Desktop\\Curso BACKEND\\node_modules\\express\\lib\\router\\index.js:175:3)"}
error: Error during user login: Cannot read properties of undefined (reading 'getBy') {"stack":"TypeError: Cannot read properties of undefined (reading 'getBy')\n    at UserRepository.getUserBy (C:\\Users\\Nixon\\Desktop\\Curso BACKEND\\src\\repositories\\user.repository.js:8:49)\n    at login (C:\\Users\\Nixon\\Desktop\\Curso BACKEND\\src\\controllers\\session.controllers.js:89:49)\n    at Layer.handle [as handle_request] (C:\\Users\\Nixon\\Desktop\\Curso BACKEND\\node_modules\\express\\lib\\router\\layer.js:95:5)\n    at next (C:\\Users\\Nixon\\Desktop\\Curso BACKEND\\node_modules\\express\\lib\\router\\route.js:144:13)\n    at Route.dispatch (C:\\Users\\Nixon\\Desktop\\Curso BACKEND\\node_modules\\express\\lib\\router\\route.js:114:3)\n    at Layer.handle [as handle_request] (C:\\Users\\Nixon\\Desktop\\Curso BACKEND\\node_modules\\express\\lib\\router\\layer.js:95:5)\n    at C:\\Users\\Nixon\\Desktop\\Curso BACKEND\\node_modules\\express\\lib\\router\\index.js:284:15\n    at Function.process_params (C:\\Users\\Nixon\\Desktop\\Curso BACKEND\\node_modules\\express\\lib\\router\\index.js:346:12)\n    at next (C:\\Users\\Nixon\\Desktop\\Curso BACKEND\\node_modules\\express\\lib\\router\\index.js:280:10)\n    at Function.handle (C:\\Users\\Nixon\\Desktop\\Curso BACKEND\\node_modules\\express\\lib\\router\\index.js:175:3)"}
error: undefined
error: undefined
error: undefined
error: Error during user registration: Cannot read properties of undefined (reading 'getBy') {"stack":"TypeError: Cannot read properties of undefined (reading 'getBy')\n    at UserRepository.getUserBy (C:\\Users\\Nixon\\Desktop\\Curso BACKEND\\src\\repositories\\user.repository.js:8:49)\n    at register (C:\\Users\\Nixon\\Desktop\\Curso BACKEND\\src\\controllers\\session.controllers.js:22:57)\n    at Layer.handle [as handle_request] (C:\\Users\\Nixon\\Desktop\\Curso BACKEND\\node_modules\\express\\lib\\router\\layer.js:95:5)\n    at next (C:\\Users\\Nixon\\Desktop\\Curso BACKEND\\node_modules\\express\\lib\\router\\route.js:144:13)\n    at Route.dispatch (C:\\Users\\Nixon\\Desktop\\Curso BACKEND\\node_modules\\express\\lib\\router\\route.js:114:3)\n    at Layer.handle [as handle_request] (C:\\Users\\Nixon\\Desktop\\Curso BACKEND\\node_modules\\express\\lib\\router\\layer.js:95:5)\n    at C:\\Users\\Nixon\\Desktop\\Curso BACKEND\\node_modules\\express\\lib\\router\\index.js:284:15\n    at Function.process_params (C:\\Users\\Nixon\\Desktop\\Curso BACKEND\\node_modules\\express\\lib\\router\\index.js:346:12)\n    at next (C:\\Users\\Nixon\\Desktop\\Curso BACKEND\\node_modules\\express\\lib\\router\\index.js:280:10)\n    at Function.handle (C:\\Users\\Nixon\\Desktop\\Curso BACKEND\\node_modules\\express\\lib\\router\\index.js:175:3)"}
error: Error during user registration: Cannot read properties of undefined (reading 'getBy') {"stack":"TypeError: Cannot read properties of undefined (reading 'getBy')\n    at UserRepository.getUserBy (C:\\Users\\Nixon\\Desktop\\Curso BACKEND\\src\\repositories\\user.repository.js:8:49)\n    at register (C:\\Users\\Nixon\\Desktop\\Curso BACKEND\\src\\controllers\\session.controllers.js:22:57)\n    at Layer.handle [as handle_request] (C:\\Users\\Nixon\\Desktop\\Curso BACKEND\\node_modules\\express\\lib\\router\\layer.js:95:5)\n    at next (C:\\Users\\Nixon\\Desktop\\Curso BACKEND\\node_modules\\express\\lib\\router\\route.js:144:13)\n    at Route.dispatch (C:\\Users\\Nixon\\Desktop\\Curso BACKEND\\node_modules\\express\\lib\\router\\route.js:114:3)\n    at Layer.handle [as handle_request] (C:\\Users\\Nixon\\Desktop\\Curso BACKEND\\node_modules\\express\\lib\\router\\layer.js:95:5)\n    at C:\\Users\\Nixon\\Desktop\\Curso BACKEND\\node_modules\\express\\lib\\router\\index.js:284:15\n    at Function.process_params (C:\\Users\\Nixon\\Desktop\\Curso BACKEND\\node_modules\\express\\lib\\router\\index.js:346:12)\n    at next (C:\\Users\\Nixon\\Desktop\\Curso BACKEND\\node_modules\\express\\lib\\router\\index.js:280:10)\n    at Function.handle (C:\\Users\\Nixon\\Desktop\\Curso BACKEND\\node_modules\\express\\lib\\router\\index.js:175:3)"}
error: Error during user registration: Cannot read properties of undefined (reading 'getBy') {"stack":"TypeError: Cannot read properties of undefined (reading 'getBy')\n    at UserRepository.getUserBy (C:\\Users\\Nixon\\Desktop\\Curso BACKEND\\src\\repositories\\user.repository.js:8:49)\n    at register (C:\\Users\\Nixon\\Desktop\\Curso BACKEND\\src\\controllers\\session.controllers.js:22:57)\n    at Layer.handle [as handle_request] (C:\\Users\\Nixon\\Desktop\\Curso BACKEND\\node_modules\\express\\lib\\router\\layer.js:95:5)\n    at next (C:\\Users\\Nixon\\Desktop\\Curso BACKEND\\node_modules\\express\\lib\\router\\route.js:144:13)\n    at Route.dispatch (C:\\Users\\Nixon\\Desktop\\Curso BACKEND\\node_modules\\express\\lib\\router\\route.js:114:3)\n    at Layer.handle [as handle_request] (C:\\Users\\Nixon\\Desktop\\Curso BACKEND\\node_modules\\express\\lib\\router\\layer.js:95:5)\n    at C:\\Users\\Nixon\\Desktop\\Curso BACKEND\\node_modules\\express\\lib\\router\\index.js:284:15\n    at Function.process_params (C:\\Users\\Nixon\\Desktop\\Curso BACKEND\\node_modules\\express\\lib\\router\\index.js:346:12)\n    at next (C:\\Users\\Nixon\\Desktop\\Curso BACKEND\\node_modules\\express\\lib\\router\\index.js:280:10)\n    at Function.handle (C:\\Users\\Nixon\\Desktop\\Curso BACKEND\\node_modules\\express\\lib\\router\\index.js:175:3)"}
error: Error during user registration: Cannot read properties of undefined (reading 'getBy') {"stack":"TypeError: Cannot read properties of undefined (reading 'getBy')\n    at UserRepository.getUserBy (C:\\Users\\Nixon\\Desktop\\Curso BACKEND\\src\\repositories\\user.repository.js:8:49)\n    at register (C:\\Users\\Nixon\\Desktop\\Curso BACKEND\\src\\controllers\\session.controllers.js:22:57)\n    at Layer.handle [as handle_request] (C:\\Users\\Nixon\\Desktop\\Curso BACKEND\\node_modules\\express\\lib\\router\\layer.js:95:5)\n    at next (C:\\Users\\Nixon\\Desktop\\Curso BACKEND\\node_modules\\express\\lib\\router\\route.js:144:13)\n    at Route.dispatch (C:\\Users\\Nixon\\Desktop\\Curso BACKEND\\node_modules\\express\\lib\\router\\route.js:114:3)\n    at Layer.handle [as handle_request] (C:\\Users\\Nixon\\Desktop\\Curso BACKEND\\node_modules\\express\\lib\\router\\layer.js:95:5)\n    at C:\\Users\\Nixon\\Desktop\\Curso BACKEND\\node_modules\\express\\lib\\router\\index.js:284:15\n    at Function.process_params (C:\\Users\\Nixon\\Desktop\\Curso BACKEND\\node_modules\\express\\lib\\router\\index.js:346:12)\n    at next (C:\\Users\\Nixon\\Desktop\\Curso BACKEND\\node_modules\\express\\lib\\router\\index.js:280:10)\n    at Function.handle (C:\\Users\\Nixon\\Desktop\\Curso BACKEND\\node_modules\\express\\lib\\router\\index.js:175:3)"}
error: Error during user registration: Cannot read properties of undefined (reading 'getBy') {"stack":"TypeError: Cannot read properties of undefined (reading 'getBy')\n    at UserRepository.getUserBy (C:\\Users\\Nixon\\Desktop\\Curso BACKEND\\src\\repositories\\user.repository.js:8:49)\n    at register (C:\\Users\\Nixon\\Desktop\\Curso BACKEND\\src\\controllers\\session.controllers.js:22:57)\n    at Layer.handle [as handle_request] (C:\\Users\\Nixon\\Desktop\\Curso BACKEND\\node_modules\\express\\lib\\router\\layer.js:95:5)\n    at next (C:\\Users\\Nixon\\Desktop\\Curso BACKEND\\node_modules\\express\\lib\\router\\route.js:144:13)\n    at Route.dispatch (C:\\Users\\Nixon\\Desktop\\Curso BACKEND\\node_modules\\express\\lib\\router\\route.js:114:3)\n    at Layer.handle [as handle_request] (C:\\Users\\Nixon\\Desktop\\Curso BACKEND\\node_modules\\express\\lib\\router\\layer.js:95:5)\n    at C:\\Users\\Nixon\\Desktop\\Curso BACKEND\\node_modules\\express\\lib\\router\\index.js:284:15\n    at Function.process_params (C:\\Users\\Nixon\\Desktop\\Curso BACKEND\\node_modules\\express\\lib\\router\\index.js:346:12)\n    at next (C:\\Users\\Nixon\\Desktop\\Curso BACKEND\\node_modules\\express\\lib\\router\\index.js:280:10)\n    at Function.handle (C:\\Users\\Nixon\\Desktop\\Curso BACKEND\\node_modules\\express\\lib\\router\\index.js:175:3)"}
error: Error during user registration: Cannot read properties of undefined (reading 'getBy') {"stack":"TypeError: Cannot read properties of undefined (reading 'getBy')\n    at UserRepository.getUserBy (C:\\Users\\Nixon\\Desktop\\Curso BACKEND\\src\\repositories\\user.repository.js:8:49)\n    at register (C:\\Users\\Nixon\\Desktop\\Curso BACKEND\\src\\controllers\\session.controllers.js:22:57)\n    at Layer.handle [as handle_request] (C:\\Users\\Nixon\\Desktop\\Curso BACKEND\\node_modules\\express\\lib\\router\\layer.js:95:5)\n    at next (C:\\Users\\Nixon\\Desktop\\Curso BACKEND\\node_modules\\express\\lib\\router\\route.js:144:13)\n    at Route.dispatch (C:\\Users\\Nixon\\Desktop\\Curso BACKEND\\node_modules\\express\\lib\\router\\route.js:114:3)\n    at Layer.handle [as handle_request] (C:\\Users\\Nixon\\Desktop\\Curso BACKEND\\node_modules\\express\\lib\\router\\layer.js:95:5)\n    at C:\\Users\\Nixon\\Desktop\\Curso BACKEND\\node_modules\\express\\lib\\router\\index.js:284:15\n    at Function.process_params (C:\\Users\\Nixon\\Desktop\\Curso BACKEND\\node_modules\\express\\lib\\router\\index.js:346:12)\n    at next (C:\\Users\\Nixon\\Desktop\\Curso BACKEND\\node_modules\\express\\lib\\router\\index.js:280:10)\n    at Function.handle (C:\\Users\\Nixon\\Desktop\\Curso BACKEND\\node_modules\\express\\lib\\router\\index.js:175:3)"}
error: Error during user registration: Cannot read properties of undefined (reading 'getBy') {"stack":"TypeError: Cannot read properties of undefined (reading 'getBy')\n    at UserRepository.getUserBy (C:\\Users\\Nixon\\Desktop\\Curso BACKEND\\src\\repositories\\user.repository.js:8:49)\n    at register (C:\\Users\\Nixon\\Desktop\\Curso BACKEND\\src\\controllers\\session.controllers.js:22:57)\n    at Layer.handle [as handle_request] (C:\\Users\\Nixon\\Desktop\\Curso BACKEND\\node_modules\\express\\lib\\router\\layer.js:95:5)\n    at next (C:\\Users\\Nixon\\Desktop\\Curso BACKEND\\node_modules\\express\\lib\\router\\route.js:144:13)\n    at Route.dispatch (C:\\Users\\Nixon\\Desktop\\Curso BACKEND\\node_modules\\express\\lib\\router\\route.js:114:3)\n    at Layer.handle [as handle_request] (C:\\Users\\Nixon\\Desktop\\Curso BACKEND\\node_modules\\express\\lib\\router\\layer.js:95:5)\n    at C:\\Users\\Nixon\\Desktop\\Curso BACKEND\\node_modules\\express\\lib\\router\\index.js:284:15\n    at Function.process_params (C:\\Users\\Nixon\\Desktop\\Curso BACKEND\\node_modules\\express\\lib\\router\\index.js:346:12)\n    at next (C:\\Users\\Nixon\\Desktop\\Curso BACKEND\\node_modules\\express\\lib\\router\\index.js:280:10)\n    at Function.handle (C:\\Users\\Nixon\\Desktop\\Curso BACKEND\\node_modules\\express\\lib\\router\\index.js:175:3)"}
error: Error during user registration: Cannot read properties of undefined (reading 'getBy') {"stack":"TypeError: Cannot read properties of undefined (reading 'getBy')\n    at UserRepository.getUserBy (C:\\Users\\Nixon\\Desktop\\Curso BACKEND\\src\\repositories\\user.repository.js:8:49)\n    at register (C:\\Users\\Nixon\\Desktop\\Curso BACKEND\\src\\controllers\\session.controllers.js:22:57)\n    at Layer.handle [as handle_request] (C:\\Users\\Nixon\\Desktop\\Curso BACKEND\\node_modules\\express\\lib\\router\\layer.js:95:5)\n    at next (C:\\Users\\Nixon\\Desktop\\Curso BACKEND\\node_modules\\express\\lib\\router\\route.js:144:13)\n    at Route.dispatch (C:\\Users\\Nixon\\Desktop\\Curso BACKEND\\node_modules\\express\\lib\\router\\route.js:114:3)\n    at Layer.handle [as handle_request] (C:\\Users\\Nixon\\Desktop\\Curso BACKEND\\node_modules\\express\\lib\\router\\layer.js:95:5)\n    at C:\\Users\\Nixon\\Desktop\\Curso BACKEND\\node_modules\\express\\lib\\router\\index.js:284:15\n    at Function.process_params (C:\\Users\\Nixon\\Desktop\\Curso BACKEND\\node_modules\\express\\lib\\router\\index.js:346:12)\n    at next (C:\\Users\\Nixon\\Desktop\\Curso BACKEND\\node_modules\\express\\lib\\router\\index.js:280:10)\n    at Function.handle (C:\\Users\\Nixon\\Desktop\\Curso BACKEND\\node_modules\\express\\lib\\router\\index.js:175:3)"}
